; IDL Version 8.4 (linux x86_64 m64)
; Journal File for tamerstorfer@leo1
; Working directory: /home/tamerstorfer
; Date: Thu Nov 29 10:44:08 2018
 
elevohi
;Source file from HELCATS
;Single event on that day!
;i:        0
;number of elements:          15
;i:        1
;number of elements:          15
;i:        2
;number of elements:          14
;i:        3
;number of elements:          15
;i:        4
;number of elements:          15
;track saved under...
;/home/tamerstorfer/elevohi/PredictedEvents/20080426/helcatsHI_track.sav
;Unable to find attitude history files for Ahead
;Unable to find attitude history files for Behind
;*****
;f=     0.800000
;phi=      60.0000
;lambda=      20.0000
;*****
; % Attempt to call undefined procedure: 'ELCON'.
retall
/home/tamerstorfer/elevohi/logfile.log
elevohi
;Source file from HELCATS
;Single event on that day!
;i:        0
;number of elements:          15
;i:        1
;number of elements:          15
;i:        2
;number of elements:          14
;i:        3
;number of elements:          15
;i:        4
;number of elements:          15
;track saved under...
;/home/tamerstorfer/elevohi/PredictedEvents/20080426/helcatsHI_track.sav
;*****
;f=     0.800000
;phi=      60.0000
;lambda=      20.0000
;*****
;     0.128049
;Klick on starting point of DBM fit!
;Initial heliocentric distance for DBM fit in Rsun:       32.8663
;Initial speed for DBM fit in km/s:        651.48272
;Klick on end point of DBM fit!
;Cut-off of DBM fit in Rsun:       103.038
;mean:       491.14750
;stddev:       24.759764
;min:       429.42001
;max:       553.25000
;------------------------------------
;Background solar wind speed [km/s]:  429
;Initial speed larger then background solar wind speed!
;gamma sign positive!
;Drag parameter [1/km]:               1.120E-07
;Mean residual [solar radii]:         0.66
;------------------------------------
;------------------------------------
;Background solar wind speed [km/s]:  460
;Initial speed larger then background solar wind speed!
;gamma sign positive!
;Drag parameter [1/km]:               1.767E-07
;Mean residual [solar radii]:         0.76
;------------------------------------
;------------------------------------
;Background solar wind speed [km/s]:  491
;Initial speed larger then background solar wind speed!
;gamma sign positive!
;Drag parameter [1/km]:               3.200E-07
;Mean residual [solar radii]:         0.90
;------------------------------------
;------------------------------------
;Background solar wind speed [km/s]:  522
;Initial speed larger then background solar wind speed!
;gamma sign positive!
;Drag parameter [1/km]:               7.540E-07
;Mean residual [solar radii]:         1.11
;------------------------------------
;------------------------------------
;Background solar wind speed [km/s]:  553
;Initial speed larger then background solar wind speed!
;gamma sign positive!
;Drag parameter [1/km]:               3.650E-06
;Mean residual [solar radii]:         1.41
;------------------------------------
;------------best result:------------
;------------------------------------
;Background solar wind speed [km/s]:  429
;Drag parameter [1/km]:               1.120E-07
;Mean residual [solar radii]:         0.66
;------------------------------------
;------------------------------------
;Best result saved under /home/tamerstorfer/elevohi/PredictedEvents/20080426/dbmfit_results.sav
;Gamma after fitting:
;  1.12000e-07
;      -34.414785
;                      
;============================
;ElEvo CME arrival prediction
;============================
;------------------------------------
;Spacecraft separation from CME apex:
;STEREO-A:   -60.0
;STEREO-B:   -10.5
;Wind:      -34.4
;Venus      186.8
;------------------------------------
;------------------------------------
;Ellpise parameters:
;Direction from Earth:  -34.4
;Half width:             20
;Aspect ratio (a/b):     1.25
;------------------------------------
;------------------------------------
;DBM parameters:
;Initial distance:              32.87
;Initial time:    26-Apr-2008 23:12
;Initial speed:                 651.48
;Drag parameter [E-07/km]:       1.12
;Background solar wind speed:   429
;------------------------------------
;plotting .eps figure...
; 
;ARRIVAL TIMES at planets, spacecraft:
;-------------------------------------
;---------------------------------------------
;MESSENGER: No hit!
;---------------------------------------------
;---------------------------------------------
;---------------------------------------------
;Venus Express: No hit!
;---------------------------------------------
;---------------------------------------------
;STEREO-A: No hit!
;---------------------------------------------
;---------------------------------------------
;Arrival at STEREO-B [UT]:     30-Apr-2008 03:32
;Arrival speed at STEREO-B [km/s]:   441
;---------------------------------------------
;---------------------------------------------
;Wind: No hit!
;---------------------------------------------
;number of runs:
;       1
; 
;number of runs without result:
;(no DBM fit possible)
;       0
;   1 runs needed   0.3 minutes.
;No estimation of uncertainty in single run mode!
